<?xml version="1.0" encoding="UTF-8"?>
<!-- Generated by org.testng.reporters.JUnitReportReporter -->
<testsuite hostname="LTIN283772" failures="0" tests="10" name="TestCase.TestTravel" time="22.565" errors="0" timestamp="2024-03-10T21:43:18 IST" skipped="0">
  <testcase classname="TestCase.TestTravel" name="open_travel_insurance" time="0.475"/>
  <system-out/>
  <testcase classname="TestCase.TestTravel" name="select_destination" time="3.302"/>
  <system-out/>
  <testcase classname="TestCase.TestTravel" name="select_Date" time="6.431"/>
  <system-out/>
  <testcase classname="TestCase.TestTravel" name="drop_1" time="1.630"/>
  <system-out/>
  <testcase classname="TestCase.TestTravel" name="press_no" time="0.574"/>
  <system-out/>
  <testcase classname="TestCase.TestTravel" name="enter_mob_no" time="1.024"/>
  <system-out/>
  <testcase classname="TestCase.TestTravel" name="select_student_plans" time="2.291"/>
  <system-out/>
  <testcase classname="TestCase.TestTravel" name="Select_Duration" time="0.977"/>
  <system-out/>
  <testcase classname="TestCase.TestTravel" name="print_First_Three_companies" time="4.268"/>
  <system-out/>
  <testcase classname="TestCase.TestTravel" name="go_To_Home_Page" time="1.593"/>
  <system-out/>
</testsuite> <!-- TestCase.TestTravel -->
