<?xml version="1.0" encoding="UTF-8"?>
<!-- Generated by org.testng.reporters.JUnitReportReporter -->
<testsuite hostname="LTIN283772" failures="0" tests="6" name="TestCase.TestCar" time="16.761" errors="0" timestamp="2024-03-07T21:26:30 IST" skipped="0">
  <testcase classname="TestCase.TestCar" name="open_car_insurance" time="0.900"/>
  <system-out/>
  <testcase classname="TestCase.TestCar" name="enter_new_car_details" time="5.604"/>
  <system-out/>
  <testcase classname="TestCase.TestCar" name="enter_invalid_email" time="0.651"/>
  <system-out/>
  <testcase classname="TestCase.TestCar" name="enter_valid_email" time="0.849"/>
  <system-out/>
  <testcase classname="TestCase.TestCar" name="getting_quote" time="7.508"/>
  <system-out/>
  <testcase classname="TestCase.TestCar" name="go_to_HomePage" time="1.249"/>
  <system-out/>
</testsuite> <!-- TestCase.TestCar -->
