<?xml version="1.0" encoding="UTF-8"?>
<!-- Generated by org.testng.reporters.JUnitReportReporter -->
<testsuite hostname="LTIN283772" failures="0" tests="6" name="TestCase.TestCar" time="14.490" errors="0" timestamp="2024-03-12T00:06:20 IST" skipped="0">
  <testcase classname="TestCase.TestCar" name="open_car_insurance" time="0.366"/>
  <system-out/>
  <testcase classname="TestCase.TestCar" name="enter_new_car_details" time="5.129"/>
  <system-out/>
  <testcase classname="TestCase.TestCar" name="enter_invalid_email" time="0.634"/>
  <system-out/>
  <testcase classname="TestCase.TestCar" name="enter_valid_email" time="0.718"/>
  <system-out/>
  <testcase classname="TestCase.TestCar" name="getting_quote" time="5.929"/>
  <system-out/>
  <testcase classname="TestCase.TestCar" name="go_to_HomePage" time="1.714"/>
  <system-out/>
</testsuite> <!-- TestCase.TestCar -->
