<?xml version="1.0" encoding="UTF-8"?>
<!-- Generated by org.testng.reporters.JUnitReportReporter -->
<testsuite hostname="LTIN283772" failures="0" tests="10" name="TestCase.TestTravel" time="30.049" errors="0" timestamp="2024-03-09T17:02:33 IST" skipped="0">
  <testcase classname="TestCase.TestTravel" name="open_travel_insurance" time="0.913"/>
  <system-out/>
  <testcase classname="TestCase.TestTravel" name="select_destination" time="5.470"/>
  <system-out/>
  <testcase classname="TestCase.TestTravel" name="select_Date" time="10.368"/>
  <system-out/>
  <testcase classname="TestCase.TestTravel" name="drop_1" time="1.571"/>
  <system-out/>
  <testcase classname="TestCase.TestTravel" name="press_no" time="0.592"/>
  <system-out/>
  <testcase classname="TestCase.TestTravel" name="enter_mob_no" time="0.758"/>
  <system-out/>
  <testcase classname="TestCase.TestTravel" name="select_student_plans" time="1.982"/>
  <system-out/>
  <testcase classname="TestCase.TestTravel" name="Select_Duration" time="1.834"/>
  <system-out/>
  <testcase classname="TestCase.TestTravel" name="print_First_Three_companies" time="4.686"/>
  <system-out/>
  <testcase classname="TestCase.TestTravel" name="go_To_Home_Page" time="1.875"/>
  <system-out/>
</testsuite> <!-- TestCase.TestTravel -->
