<?xml version="1.0" encoding="UTF-8"?>
<!-- Generated by org.testng.reporters.JUnitReportReporter -->
<testsuite hostname="LTIN283772" failures="0" tests="11" name="TestCase.TestTravel" time="23.382" errors="0" timestamp="2024-03-06T22:58:29 IST" skipped="0">
  <testcase classname="TestCase.TestTravel" name="open_travel_insurance" time="0.335"/>
  <system-out/>
  <testcase classname="TestCase.TestTravel" name="select_destination" time="3.827"/>
  <system-out/>
  <testcase classname="TestCase.TestTravel" name="select_Date" time="6.183"/>
  <system-out/>
  <testcase classname="TestCase.TestTravel" name="drop_1" time="1.552"/>
  <system-out/>
  <testcase classname="TestCase.TestTravel" name="press_no" time="0.467"/>
  <system-out/>
  <testcase classname="TestCase.TestTravel" name="enter_mob_no" time="0.940"/>
  <system-out/>
  <testcase classname="TestCase.TestTravel" name="select_student_plans" time="2.460"/>
  <system-out/>
  <testcase classname="TestCase.TestTravel" name="Select_Duration" time="1.028"/>
  <system-out/>
  <testcase classname="TestCase.TestTravel" name="Apply" time="0.001"/>
  <system-out/>
  <testcase classname="TestCase.TestTravel" name="print_First_Three_companies" time="3.904"/>
  <system-out/>
  <testcase classname="TestCase.TestTravel" name="go_To_Home_Page" time="2.685"/>
  <system-out/>
</testsuite> <!-- TestCase.TestTravel -->
