<?xml version="1.0" encoding="UTF-8"?>
<!-- Generated by org.testng.reporters.JUnitReportReporter -->
<testsuite hostname="LTIN283772" failures="0" tests="1" name="TestCase.TestHealth" time="0.513" errors="0" timestamp="2024-03-06T21:38:35 IST" skipped="0">
  <testcase classname="TestCase.TestHealth" name="entering_health_insurance_details" time="0.513"/>
  <system-out/>
</testsuite> <!-- TestCase.TestHealth -->
