<?xml version="1.0" encoding="UTF-8"?>
<!-- Generated by org.testng.reporters.JUnitReportReporter -->
<testsuite hostname="LTIN283772" failures="0" tests="6" name="TestCase.TestCar" time="14.307" errors="0" timestamp="2024-03-10T21:43:18 IST" skipped="0">
  <testcase classname="TestCase.TestCar" name="open_car_insurance" time="0.256"/>
  <system-out/>
  <testcase classname="TestCase.TestCar" name="enter_new_car_details" time="4.774"/>
  <system-out/>
  <testcase classname="TestCase.TestCar" name="enter_invalid_email" time="0.505"/>
  <system-out/>
  <testcase classname="TestCase.TestCar" name="enter_valid_email" time="0.628"/>
  <system-out/>
  <testcase classname="TestCase.TestCar" name="getting_quote" time="6.336"/>
  <system-out/>
  <testcase classname="TestCase.TestCar" name="go_to_HomePage" time="1.808"/>
  <system-out/>
</testsuite> <!-- TestCase.TestCar -->
