<?xml version="1.0" encoding="UTF-8"?>
<!-- Generated by org.testng.reporters.JUnitReportReporter -->
<testsuite hostname="LTIN283772" failures="0" tests="10" name="TestCase.TestTravel" time="20.892" errors="0" timestamp="2024-03-12T00:06:20 IST" skipped="0">
  <testcase classname="TestCase.TestTravel" name="open_travel_insurance" time="0.413"/>
  <system-out/>
  <testcase classname="TestCase.TestTravel" name="select_destination" time="3.225"/>
  <system-out/>
  <testcase classname="TestCase.TestTravel" name="select_Date" time="6.293"/>
  <system-out/>
  <testcase classname="TestCase.TestTravel" name="drop_1" time="1.238"/>
  <system-out/>
  <testcase classname="TestCase.TestTravel" name="press_no" time="0.617"/>
  <system-out/>
  <testcase classname="TestCase.TestTravel" name="enter_mob_no" time="1.334"/>
  <system-out/>
  <testcase classname="TestCase.TestTravel" name="select_student_plans" time="1.445"/>
  <system-out/>
  <testcase classname="TestCase.TestTravel" name="Select_Duration" time="1.323"/>
  <system-out/>
  <testcase classname="TestCase.TestTravel" name="print_First_Three_companies" time="3.683"/>
  <system-out/>
  <testcase classname="TestCase.TestTravel" name="go_To_Home_Page" time="1.321"/>
  <system-out/>
</testsuite> <!-- TestCase.TestTravel -->
