<?xml version="1.0" encoding="UTF-8"?>
<!-- Generated by org.testng.reporters.JUnitReportReporter -->
<testsuite hostname="LTIN283772" failures="0" tests="5" name="TestCase.TestCar" time="14.823" errors="0" timestamp="2024-03-06T21:38:35 IST" skipped="0">
  <testcase classname="TestCase.TestCar" name="open_car_insurance" time="0.361"/>
  <system-out/>
  <testcase classname="TestCase.TestCar" name="enter_new_car_details" time="4.549"/>
  <system-out/>
  <testcase classname="TestCase.TestCar" name="enter_invalid_email" time="0.643"/>
  <system-out/>
  <testcase classname="TestCase.TestCar" name="enter_valid_email" time="7.951"/>
  <system-out/>
  <testcase classname="TestCase.TestCar" name="go_to_HomePage" time="1.319"/>
  <system-out/>
</testsuite> <!-- TestCase.TestCar -->
